<?xml version="1.0" encoding="UTF-8"?>
<!-- Generated by org.testng.reporters.JUnitReportReporter -->
<testsuite skipped="0" hostname="Pradeeps-MacBook-Air.local" name="WillowTree" tests="1" failures="0" timestamp="29 Apr 2018 18:03:10 GMT" time="4.230" errors="0">
  <testcase name="openBrowser" time="4.230" classname="WillowTree"/>
</testsuite> <!-- WillowTree -->
