<?xml version="1.0" encoding="UTF-8"?>
<!-- Generated by org.testng.reporters.JUnitReportReporter -->
<testsuite skipped="0" hostname="Pradeeps-MacBook-Air.local" name="find" tests="1" failures="0" timestamp="30 Apr 2018 16:40:01 GMT" time="5.588" errors="0">
  <testcase name="streakIncrement" time="5.588" classname="find"/>
</testsuite> <!-- find -->
