<?xml version="1.0" encoding="UTF-8"?>
<!-- Generated by org.testng.reporters.JUnitReportReporter -->
<testsuite skipped="0" hostname="Pradeeps-MacBook-Air.local" name="VerifyStreakIncrement" tests="1" failures="0" timestamp="30 Apr 2018 17:15:06 GMT" time="5.185" errors="0">
  <testcase name="streakIncrement" time="5.185" classname="VerifyStreakIncrement"/>
</testsuite> <!-- VerifyStreakIncrement -->
