<?xml version="1.0" encoding="UTF-8"?>
<!-- Generated by org.testng.reporters.JUnitReportReporter -->
<testsuite skipped="0" hostname="Pradeeps-MacBook-Air.local" name="find" tests="1" failures="0" timestamp="30 Apr 2018 14:45:58 GMT" time="4.860" errors="0">
  <testcase name="streakIncrement" time="4.860" classname="find"/>
</testsuite> <!-- find -->
