<?xml version="1.0" encoding="UTF-8"?>
<!-- Generated by org.testng.reporters.JUnitReportReporter -->
<testsuite skipped="0" hostname="Pradeeps-MacBook-Air.local" name="VerifyAttempsIncrement" tests="1" failures="0" timestamp="30 Apr 2018 16:18:41 GMT" time="5.429" errors="0">
  <testcase name="attempsIncrementCheck" time="5.429" classname="VerifyAttempsIncrement"/>
</testsuite> <!-- VerifyAttempsIncrement -->
