<?xml version="1.0" encoding="UTF-8"?>
<!-- Generated by org.testng.reporters.JUnitReportReporter -->
<testsuite skipped="0" hostname="Pradeeps-MacBook-Air.local" name="VerifyTitle" tests="1" failures="0" timestamp="30 Apr 2018 15:54:17 GMT" time="8.299" errors="0">
  <testcase name="titleCheck" time="8.299" classname="VerifyTitle"/>
</testsuite> <!-- VerifyTitle -->
