<?xml version="1.0" encoding="UTF-8"?>
<!-- Generated by org.testng.reporters.JUnitReportReporter -->
<testsuite skipped="0" hostname="Pradeeps-MacBook-Air.local" name="VerifyStreakIncrement" tests="1" failures="0" timestamp="30 Apr 2018 18:41:31 GMT" time="6.558" errors="0">
  <testcase name="streakIncrement" time="6.558" classname="VerifyStreakIncrement"/>
</testsuite> <!-- VerifyStreakIncrement -->
