<?xml version="1.0" encoding="UTF-8"?>
<!-- Generated by org.testng.reporters.JUnitReportReporter -->
<testsuite skipped="0" hostname="Pradeeps-MacBook-Air.local" name="VerifyTitle" tests="1" failures="0" timestamp="29 Apr 2018 19:13:30 GMT" time="3.865" errors="0">
  <testcase name="titleCheck" time="3.865" classname="VerifyTitle"/>
</testsuite> <!-- VerifyTitle -->
